[2025-07-31 12:55:09,068] 30 - INFO - Staring data ingestion
[2025-07-31 12:55:09,068] 23 - INFO - Created directory for raw data and other files too
[2025-07-31 12:55:09,073] 26 - INFO - Read the data from raw csv file
[2025-07-31 12:55:09,084] 32 - INFO - Train adn test datasets are saved successfully
[2025-07-31 12:55:09,084] 40 - INFO - Starting data transformation stage
[2025-07-31 12:55:09,084] 57 - INFO - Starting the initializer function for  preprocessing
[2025-07-31 12:55:09,089] 60 - INFO - Successfully read and loaded the train and test data
[2025-07-31 12:55:09,089] 63 - INFO - Target columns is math score
[2025-07-31 12:55:09,089] 64 - INFO - Splitting the data into features and target variables from both train and test dataset
[2025-07-31 12:55:09,091] 70 - INFO - Successfully split the data
[2025-07-31 12:55:09,091] 30 - INFO - Staring preprocessing function
[2025-07-31 12:55:09,092] 34 - INFO -  Numerical Columns: ['reading score', 'writing score']
[2025-07-31 12:55:09,092] 35 - INFO -  Categorical Columns: ['gender', 'race/ethnicity', 'parental level of education', 'lunch', 'test preparation course']
[2025-07-31 12:55:09,092] 41 - INFO - Created numerical and categorical pipelines
[2025-07-31 12:55:09,092] 46 - INFO - Created preprocessing pipeline with numerical and categorical column transformers
[2025-07-31 12:55:09,092] 48 - INFO - Sucessfully created the preprocessing pipeline
[2025-07-31 12:55:09,111] 75 - INFO - Successfully applied the preproocesssed techniques on train and test
[2025-07-31 12:55:09,112] 80 - INFO - successfully concatenated the preprocessed features of train and test wtih thier respective target values
[2025-07-31 12:55:09,114] 83 - INFO - Successfully saved the preprocessing.pkl file in the artifacts folder
[2025-07-31 12:55:09,114] 44 - INFO - Data transformation completed Successufully
[2025-07-31 12:55:09,114] 50 - INFO - Model Trainer Stage
