[2025-07-31 12:58:17,109] 30 - INFO - Staring data ingestion
[2025-07-31 12:58:17,109] 23 - INFO - Created directory for raw data and other files too
[2025-07-31 12:58:17,113] 26 - INFO - Read the data from raw csv file
[2025-07-31 12:58:17,122] 32 - INFO - Train adn test datasets are saved successfully
[2025-07-31 12:58:17,122] 40 - INFO - Starting data transformation stage
[2025-07-31 12:58:17,122] 57 - INFO - Starting the initializer function for  preprocessing
[2025-07-31 12:58:17,126] 60 - INFO - Successfully read and loaded the train and test data
[2025-07-31 12:58:17,126] 63 - INFO - Target columns is math score
[2025-07-31 12:58:17,126] 64 - INFO - Splitting the data into features and target variables from both train and test dataset
[2025-07-31 12:58:17,127] 70 - INFO - Successfully split the data
[2025-07-31 12:58:17,127] 30 - INFO - Staring preprocessing function
[2025-07-31 12:58:17,128] 34 - INFO -  Numerical Columns: ['reading score', 'writing score']
[2025-07-31 12:58:17,128] 35 - INFO -  Categorical Columns: ['gender', 'race/ethnicity', 'parental level of education', 'lunch', 'test preparation course']
[2025-07-31 12:58:17,128] 41 - INFO - Created numerical and categorical pipelines
[2025-07-31 12:58:17,128] 46 - INFO - Created preprocessing pipeline with numerical and categorical column transformers
[2025-07-31 12:58:17,128] 48 - INFO - Sucessfully created the preprocessing pipeline
[2025-07-31 12:58:17,147] 75 - INFO - Successfully applied the preproocesssed techniques on train and test
[2025-07-31 12:58:17,148] 80 - INFO - successfully concatenated the preprocessed features of train and test wtih thier respective target values
[2025-07-31 12:58:17,150] 83 - INFO - Successfully saved the preprocessing.pkl file in the artifacts folder
[2025-07-31 12:58:17,150] 44 - INFO - Data transformation completed Successufully
[2025-07-31 12:58:17,150] 50 - INFO - Model Trainer Stage
[2025-07-31 12:58:17,150] 28 - INFO - Successfully initiated model trainer class
[2025-07-31 12:58:17,151] 65 - INFO - Defined models and params
[2025-07-31 12:58:17,151] 66 - INFO - Initating model_evalution function from utils
[2025-07-31 12:58:17,151] 28 - INFO - Runnnig model evalution function from Utils
[2025-07-31 12:58:23,840] 39 - INFO - The function has been executed successfully
[2025-07-31 12:58:23,840] 68 - INFO - Sorting best scores to sort the best model out of all the mdoels
[2025-07-31 12:58:23,840] 71 - INFO - Best score is 0.8804332983749564
[2025-07-31 12:58:23,840] 72 - INFO - Finding the best model name
[2025-07-31 12:58:23,844] 77 - INFO - Best model is LinearRegression()
