[2025-07-31 12:56:53,307] 30 - INFO - Staring data ingestion
[2025-07-31 12:56:53,307] 23 - INFO - Created directory for raw data and other files too
[2025-07-31 12:56:53,312] 26 - INFO - Read the data from raw csv file
[2025-07-31 12:56:53,322] 32 - INFO - Train adn test datasets are saved successfully
[2025-07-31 12:56:53,322] 40 - INFO - Starting data transformation stage
[2025-07-31 12:56:53,322] 57 - INFO - Starting the initializer function for  preprocessing
[2025-07-31 12:56:53,328] 60 - INFO - Successfully read and loaded the train and test data
[2025-07-31 12:56:53,328] 63 - INFO - Target columns is math score
[2025-07-31 12:56:53,328] 64 - INFO - Splitting the data into features and target variables from both train and test dataset
[2025-07-31 12:56:53,329] 70 - INFO - Successfully split the data
[2025-07-31 12:56:53,329] 30 - INFO - Staring preprocessing function
[2025-07-31 12:56:53,330] 34 - INFO -  Numerical Columns: ['reading score', 'writing score']
[2025-07-31 12:56:53,330] 35 - INFO -  Categorical Columns: ['gender', 'race/ethnicity', 'parental level of education', 'lunch', 'test preparation course']
[2025-07-31 12:56:53,330] 41 - INFO - Created numerical and categorical pipelines
[2025-07-31 12:56:53,330] 46 - INFO - Created preprocessing pipeline with numerical and categorical column transformers
[2025-07-31 12:56:53,330] 48 - INFO - Sucessfully created the preprocessing pipeline
[2025-07-31 12:56:53,349] 75 - INFO - Successfully applied the preproocesssed techniques on train and test
[2025-07-31 12:56:53,349] 80 - INFO - successfully concatenated the preprocessed features of train and test wtih thier respective target values
[2025-07-31 12:56:53,351] 83 - INFO - Successfully saved the preprocessing.pkl file in the artifacts folder
[2025-07-31 12:56:53,351] 44 - INFO - Data transformation completed Successufully
[2025-07-31 12:56:53,351] 50 - INFO - Model Trainer Stage
