[2025-07-31 21:32:54,887] 30 - INFO - Staring data ingestion
[2025-07-31 21:32:54,887] 23 - INFO - Created directory for raw data and other files too
[2025-07-31 21:32:54,892] 26 - INFO - Read the data from raw csv file
[2025-07-31 21:32:54,905] 32 - INFO - Train adn test datasets are saved successfully
[2025-07-31 21:32:54,905] 40 - INFO - Starting data transformation stage
[2025-07-31 21:32:54,905] 57 - INFO - Starting the initializer function for  preprocessing
[2025-07-31 21:32:54,909] 60 - INFO - Successfully read and loaded the train and test data
[2025-07-31 21:32:54,909] 63 - INFO - Target columns is math_score
[2025-07-31 21:32:54,909] 64 - INFO - Splitting the data into features and target variables from both train and test dataset
[2025-07-31 21:32:54,911] 70 - INFO - Successfully split the data
[2025-07-31 21:32:54,911] 30 - INFO - Staring preprocessing function
[2025-07-31 21:32:54,912] 34 - INFO -  Numerical Columns: ['reading_score', 'writing_score']
[2025-07-31 21:32:54,912] 35 - INFO -  Categorical Columns: ['gender', 'race_ethnicity', 'parental_level_of_education', 'lunch', 'test_preparation_course']
[2025-07-31 21:32:54,912] 41 - INFO - Created numerical and categorical pipelines
[2025-07-31 21:32:54,912] 46 - INFO - Created preprocessing pipeline with numerical and categorical column transformers
[2025-07-31 21:32:54,912] 48 - INFO - Sucessfully created the preprocessing pipeline
[2025-07-31 21:32:54,937] 75 - INFO - Successfully applied the preproocesssed techniques on train and test
[2025-07-31 21:32:54,937] 80 - INFO - successfully concatenated the preprocessed features of train and test wtih thier respective target values
[2025-07-31 21:32:54,939] 83 - INFO - Successfully saved the preprocessing.pkl file in the artifacts folder
[2025-07-31 21:32:54,939] 44 - INFO - Data transformation completed Successufully
[2025-07-31 21:32:54,940] 50 - INFO - Model Trainer Stage
[2025-07-31 21:32:54,940] 28 - INFO - Successfully initiated model trainer class
[2025-07-31 21:32:54,940] 65 - INFO - Defined models and params
[2025-07-31 21:32:54,940] 66 - INFO - Initating model_evalution function from utils
[2025-07-31 21:32:54,940] 29 - INFO - Runnnig model evalution function from Utils
[2025-07-31 21:33:00,898] 47 - INFO - The function has been executed successfully
[2025-07-31 21:33:00,898] 68 - INFO - Sorting best scores to sort the best model out of all the mdoels
[2025-07-31 21:33:00,898] 71 - INFO - Best score is 0.8804332983749564
[2025-07-31 21:33:00,898] 72 - INFO - Finding the best model name
[2025-07-31 21:33:00,902] 77 - INFO - Best model is LinearRegression()
[2025-07-31 21:33:00,904] 91 - INFO - Successfully executed the Model Trainer pipeline
[2025-07-31 21:33:00,905] 54 - INFO - The model evalution stage has been executed successfully and the score is :0.8804332983749564%
