[2025-07-31 19:04:17,244] 161 - INFO - NumExpr defaulting to 4 threads.
[2025-07-31 19:04:17,774] 30 - INFO - Staring data ingestion
[2025-07-31 19:04:17,774] 23 - INFO - Created directory for raw data and other files too
[2025-07-31 19:04:17,778] 26 - INFO - Read the data from raw csv file
[2025-07-31 19:04:17,785] 32 - INFO - Train adn test datasets are saved successfully
[2025-07-31 19:04:17,785] 40 - INFO - Starting data transformation stage
[2025-07-31 19:04:17,785] 57 - INFO - Starting the initializer function for  preprocessing
[2025-07-31 19:04:17,789] 60 - INFO - Successfully read and loaded the train and test data
[2025-07-31 19:04:17,789] 63 - INFO - Target columns is math_score
[2025-07-31 19:04:17,789] 64 - INFO - Splitting the data into features and target variables from both train and test dataset
[2025-07-31 19:04:17,790] 70 - INFO - Successfully split the data
[2025-07-31 19:04:17,790] 30 - INFO - Staring preprocessing function
[2025-07-31 19:04:17,791] 34 - INFO -  Numerical Columns: ['reading_score', 'writing_score']
[2025-07-31 19:04:17,791] 35 - INFO -  Categorical Columns: ['gender', 'race/ethnicity', 'parental_level_of_education', 'lunch', 'test_preparation_course']
[2025-07-31 19:04:17,791] 41 - INFO - Created numerical and categorical pipelines
[2025-07-31 19:04:17,791] 46 - INFO - Created preprocessing pipeline with numerical and categorical column transformers
[2025-07-31 19:04:17,791] 48 - INFO - Sucessfully created the preprocessing pipeline
[2025-07-31 19:04:17,808] 75 - INFO - Successfully applied the preproocesssed techniques on train and test
[2025-07-31 19:04:17,808] 80 - INFO - successfully concatenated the preprocessed features of train and test wtih thier respective target values
[2025-07-31 19:04:17,810] 83 - INFO - Successfully saved the preprocessing.pkl file in the artifacts folder
[2025-07-31 19:04:17,811] 44 - INFO - Data transformation completed Successufully
[2025-07-31 19:04:17,811] 50 - INFO - Model Trainer Stage
[2025-07-31 19:04:17,811] 28 - INFO - Successfully initiated model trainer class
[2025-07-31 19:04:17,811] 65 - INFO - Defined models and params
[2025-07-31 19:04:17,811] 66 - INFO - Initating model_evalution function from utils
[2025-07-31 19:04:17,811] 28 - INFO - Runnnig model evalution function from Utils
[2025-07-31 19:04:23,965] 46 - INFO - The function has been executed successfully
[2025-07-31 19:04:23,965] 68 - INFO - Sorting best scores to sort the best model out of all the mdoels
[2025-07-31 19:04:23,965] 71 - INFO - Best score is 0.8804332983749564
[2025-07-31 19:04:23,965] 72 - INFO - Finding the best model name
[2025-07-31 19:04:23,966] 77 - INFO - Best model is LinearRegression()
[2025-07-31 19:04:23,968] 91 - INFO - Successfully executed the Model Trainer pipeline
[2025-07-31 19:04:23,968] 54 - INFO - The model evalution stage has been executed successfully and the score is :0.8804332983749564%
